{"timestamp":"2026-01-03T22:37:15.301408Z","level":"warning","event":"The `airflow.hooks.base.BaseHook` attribute is deprecated. Please use `'airflow.sdk.bases.hook.BaseHook'`.","category":"DeprecatedImportWarning","filename":"/opt/airflow/plugins/hooks/eia_hook.py","lineno":12,"logger":"py.warnings"}
{"timestamp":"2026-01-03T22:37:15.312058Z","level":"warning","event":"The `airflow.hooks.base.BaseHook` attribute is deprecated. Please use `'airflow.sdk.bases.hook.BaseHook'`.","category":"DeprecatedImportWarning","filename":"/opt/airflow/plugins/hooks/epa_hook.py","lineno":12,"logger":"py.warnings"}
{"timestamp":"2026-01-03T22:37:15.323076Z","level":"warning","event":"The `airflow.hooks.base.BaseHook` attribute is deprecated. Please use `'airflow.sdk.bases.hook.BaseHook'`.","category":"DeprecatedImportWarning","filename":"/opt/airflow/plugins/hooks/nrel_hook.py","lineno":11,"logger":"py.warnings"}
{"timestamp":"2026-01-03T22:37:16.070060Z","level":"info","event":"DAG bundles loaded: dags-folder, example_dags","logger":"airflow.dag_processing.bundles.manager.DagBundlesManager","filename":"manager.py","lineno":179}
{"timestamp":"2026-01-03T22:37:16.072209Z","level":"info","event":"Filling up the DagBag from /opt/airflow/dags/dag_stream_eia_generation.py","logger":"airflow.models.dagbag.DagBag","filename":"dagbag.py","lineno":593}
{"timestamp":"2026-01-03T22:37:16.130375Z","level":"warning","event":"The `airflow.operators.python.PythonOperator` attribute is deprecated. Please use `'airflow.providers.standard.operators.python.PythonOperator'`.","category":"DeprecatedImportWarning","filename":"/opt/airflow/dags/dag_stream_eia_generation.py","lineno":10,"logger":"py.warnings"}
{"timestamp":"2026-01-03T22:37:16.130676Z","level":"warning","event":"The `airflow.sensors.python.PythonSensor` attribute is deprecated. Please use `'airflow.providers.standard.sensors.python.PythonSensor'`.","category":"DeprecatedImportWarning","filename":"/opt/airflow/dags/dag_stream_eia_generation.py","lineno":12,"logger":"py.warnings"}
{"timestamp":"2026-01-03T22:37:16.130783Z","level":"warning","event":"The `airflow.hooks.base.BaseHook` attribute is deprecated. Please use `'airflow.sdk.bases.hook.BaseHook'`.","category":"DeprecatedImportWarning","filename":"/opt/airflow/plugins/hooks/eia_hook.py","lineno":12,"logger":"py.warnings"}
{"timestamp":"2026-01-03T22:37:16.159257Z","level":"info","event":"Task instance is in running state","logger":"task.stdout"}
{"timestamp":"2026-01-03T22:37:16.160130Z","level":"info","event":" Previous state of the Task instance: TaskInstanceState.QUEUED","logger":"task.stdout"}
{"timestamp":"2026-01-03T22:37:16.160584Z","level":"info","event":"Current task name:transform_monthly_data","logger":"task.stdout"}
{"timestamp":"2026-01-03T22:37:16.161076Z","level":"info","event":"Dag name:dag_stream_eia_generation","logger":"task.stdout"}
{"timestamp":"2026-01-03T22:37:16.181080Z","level":"info","event":"[INFO] Reading: /opt/airflow/data/raw/eia/generation_monthly_2025-10_2025-10_20260103_223714.json","logger":"task.stdout"}
{"timestamp":"2026-01-03T22:37:16.265176Z","level":"info","event":"[INFO] Processing 17483 records","logger":"task.stdout"}
{"timestamp":"2026-01-03T22:37:16.287365Z","level":"info","event":"[INFO] Saving metrics to: /opt/airflow/data/processed/stream_eia_generation/metrics_monthly_2025-10_2025-10_20260103_223716.json","logger":"task.stdout"}
{"timestamp":"2026-01-03T22:37:16.293701Z","level":"info","event":"[INFO] Processed 17483 records","logger":"task.stdout"}
{"timestamp":"2026-01-03T22:37:16.294315Z","level":"info","event":"[INFO] Total: 0.00 MWh","logger":"task.stdout"}
{"timestamp":"2026-01-03T22:37:16.298713Z","level":"info","event":"Done. Returned value was: /opt/airflow/data/processed/stream_eia_generation/metrics_monthly_2025-10_2025-10_20260103_223716.json","logger":"airflow.task.operators.airflow.providers.standard.operators.python.PythonOperator","filename":"python.py","lineno":217}
{"timestamp":"2026-01-03T22:37:16.299164Z","level":"info","event":"Pushing xcom","ti":"RuntimeTaskInstance(id=UUID('019b8601-ca43-72fc-af43-b991560371e4'), task_id='transform_monthly_data', dag_id='dag_stream_eia_generation', run_id='manual__2026-01-03T22:37:02+00:00', try_number=1, dag_version_id=UUID('019b85f6-bed7-7497-84ab-ac6a6e85a2b0'), map_index=-1, hostname='9e3b9db8b326', context_carrier={}, task=<Task(PythonOperator): transform_monthly_data>, bundle_instance=LocalDagBundle(name=dags-folder), max_tries=2, start_date=datetime.datetime(2026, 1, 3, 22, 37, 15, 182505, tzinfo=datetime.timezone.utc), end_date=None, state=<TaskInstanceState.RUNNING: 'running'>, is_mapped=False, rendered_map_index=None)","logger":"task","filename":"task_runner.py","lineno":1370}
{"timestamp":"2026-01-03T22:37:16.336275Z","level":"info","event":"Task instance in success state","logger":"task.stdout"}
{"timestamp":"2026-01-03T22:37:16.336994Z","level":"info","event":" Previous state of the Task instance: TaskInstanceState.RUNNING","logger":"task.stdout"}
{"timestamp":"2026-01-03T22:37:16.337545Z","level":"info","event":"Task operator:<Task(PythonOperator): transform_monthly_data>","logger":"task.stdout"}
