{"timestamp":"2026-01-03T22:35:01.752907Z","level":"warning","event":"The `airflow.hooks.base.BaseHook` attribute is deprecated. Please use `'airflow.sdk.bases.hook.BaseHook'`.","category":"DeprecatedImportWarning","filename":"/opt/airflow/plugins/hooks/eia_hook.py","lineno":12,"logger":"py.warnings"}
{"timestamp":"2026-01-03T22:35:01.760295Z","level":"warning","event":"The `airflow.hooks.base.BaseHook` attribute is deprecated. Please use `'airflow.sdk.bases.hook.BaseHook'`.","category":"DeprecatedImportWarning","filename":"/opt/airflow/plugins/hooks/epa_hook.py","lineno":12,"logger":"py.warnings"}
{"timestamp":"2026-01-03T22:35:01.769537Z","level":"warning","event":"The `airflow.hooks.base.BaseHook` attribute is deprecated. Please use `'airflow.sdk.bases.hook.BaseHook'`.","category":"DeprecatedImportWarning","filename":"/opt/airflow/plugins/hooks/nrel_hook.py","lineno":11,"logger":"py.warnings"}
{"timestamp":"2026-01-03T22:35:02.291698Z","level":"info","event":"DAG bundles loaded: dags-folder, example_dags","logger":"airflow.dag_processing.bundles.manager.DagBundlesManager","filename":"manager.py","lineno":179}
{"timestamp":"2026-01-03T22:35:02.293471Z","level":"info","event":"Filling up the DagBag from /opt/airflow/dags/dag_stream_eia_generation.py","logger":"airflow.models.dagbag.DagBag","filename":"dagbag.py","lineno":593}
{"timestamp":"2026-01-03T22:35:02.360166Z","level":"warning","event":"The `airflow.operators.python.PythonOperator` attribute is deprecated. Please use `'airflow.providers.standard.operators.python.PythonOperator'`.","category":"DeprecatedImportWarning","filename":"/opt/airflow/dags/dag_stream_eia_generation.py","lineno":10,"logger":"py.warnings"}
{"timestamp":"2026-01-03T22:35:02.360445Z","level":"warning","event":"The `airflow.sensors.python.PythonSensor` attribute is deprecated. Please use `'airflow.providers.standard.sensors.python.PythonSensor'`.","category":"DeprecatedImportWarning","filename":"/opt/airflow/dags/dag_stream_eia_generation.py","lineno":12,"logger":"py.warnings"}
{"timestamp":"2026-01-03T22:35:02.360560Z","level":"warning","event":"The `airflow.hooks.base.BaseHook` attribute is deprecated. Please use `'airflow.sdk.bases.hook.BaseHook'`.","category":"DeprecatedImportWarning","filename":"/opt/airflow/plugins/hooks/eia_hook.py","lineno":12,"logger":"py.warnings"}
{"timestamp":"2026-01-03T22:35:02.387502Z","level":"info","event":"Task instance is in running state","logger":"task.stdout"}
{"timestamp":"2026-01-03T22:35:02.388290Z","level":"info","event":" Previous state of the Task instance: TaskInstanceState.QUEUED","logger":"task.stdout"}
{"timestamp":"2026-01-03T22:35:02.388874Z","level":"info","event":"Current task name:extract_monthly_generation","logger":"task.stdout"}
{"timestamp":"2026-01-03T22:35:02.389359Z","level":"info","event":"Dag name:dag_stream_eia_generation","logger":"task.stdout"}
{"timestamp":"2026-01-03T22:35:02.431137Z","level":"info","event":"[INFO] Extracting monthly generation: 2025-11 to 2025-11","logger":"task.stdout"}
{"timestamp":"2026-01-03T22:35:03.508546Z","level":"info","event":"[WARNING] No records returned","logger":"task.stdout"}
{"timestamp":"2026-01-03T22:35:03.554995Z","level":"info","event":"[INFO] Saved 0 records to /opt/airflow/data/raw/eia/generation_monthly_2025-11_2025-11_20260103_223503.json","logger":"task.stdout"}
{"timestamp":"2026-01-03T22:35:03.555084Z","level":"info","event":"Done. Returned value was: /opt/airflow/data/raw/eia/generation_monthly_2025-11_2025-11_20260103_223503.json","logger":"airflow.task.operators.airflow.providers.standard.operators.python.PythonOperator","filename":"python.py","lineno":217}
{"timestamp":"2026-01-03T22:35:03.555399Z","level":"info","event":"Pushing xcom","ti":"RuntimeTaskInstance(id=UUID('019b85fc-84d0-73f0-a30f-cb1d078da2f5'), task_id='extract_monthly_generation', dag_id='dag_stream_eia_generation', run_id='manual__2026-01-03T22:31:17+00:00', try_number=1, dag_version_id=UUID('019b85f6-bed7-7497-84ab-ac6a6e85a2b0'), map_index=-1, hostname='9e3b9db8b326', context_carrier={}, task=<Task(PythonOperator): extract_monthly_generation>, bundle_instance=LocalDagBundle(name=dags-folder), max_tries=2, start_date=datetime.datetime(2026, 1, 3, 22, 35, 1, 662719, tzinfo=datetime.timezone.utc), end_date=None, state=<TaskInstanceState.RUNNING: 'running'>, is_mapped=False, rendered_map_index=None)","logger":"task","filename":"task_runner.py","lineno":1370}
{"timestamp":"2026-01-03T22:35:03.581188Z","level":"info","event":"Task instance in success state","logger":"task.stdout"}
{"timestamp":"2026-01-03T22:35:03.581884Z","level":"info","event":" Previous state of the Task instance: TaskInstanceState.RUNNING","logger":"task.stdout"}
{"timestamp":"2026-01-03T22:35:03.582258Z","level":"info","event":"Task operator:<Task(PythonOperator): extract_monthly_generation>","logger":"task.stdout"}
