{"timestamp":"2026-01-03T23:02:17.565347Z","level":"warning","event":"The `airflow.hooks.base.BaseHook` attribute is deprecated. Please use `'airflow.sdk.bases.hook.BaseHook'`.","category":"DeprecatedImportWarning","filename":"/opt/airflow/plugins/hooks/eia_hook.py","lineno":12,"logger":"py.warnings"}
{"timestamp":"2026-01-03T23:02:17.586319Z","level":"warning","event":"The `airflow.hooks.base.BaseHook` attribute is deprecated. Please use `'airflow.sdk.bases.hook.BaseHook'`.","category":"DeprecatedImportWarning","filename":"/opt/airflow/plugins/hooks/epa_hook.py","lineno":12,"logger":"py.warnings"}
{"timestamp":"2026-01-03T23:02:17.607012Z","level":"warning","event":"The `airflow.hooks.base.BaseHook` attribute is deprecated. Please use `'airflow.sdk.bases.hook.BaseHook'`.","category":"DeprecatedImportWarning","filename":"/opt/airflow/plugins/hooks/nrel_hook.py","lineno":11,"logger":"py.warnings"}
{"timestamp":"2026-01-03T23:02:18.855927Z","level":"info","event":"DAG bundles loaded: dags-folder, example_dags","logger":"airflow.dag_processing.bundles.manager.DagBundlesManager","filename":"manager.py","lineno":179}
{"timestamp":"2026-01-03T23:02:18.858841Z","level":"info","event":"Filling up the DagBag from /opt/airflow/dags/dag_stream_openmeteo_weather.py","logger":"airflow.models.dagbag.DagBag","filename":"dagbag.py","lineno":593}
{"timestamp":"2026-01-03T23:02:18.949530Z","level":"warning","event":"The `airflow.operators.python.PythonOperator` attribute is deprecated. Please use `'airflow.providers.standard.operators.python.PythonOperator'`.","category":"DeprecatedImportWarning","filename":"/opt/airflow/dags/dag_stream_openmeteo_weather.py","lineno":10,"logger":"py.warnings"}
{"timestamp":"2026-01-03T23:02:18.988053Z","level":"info","event":"Task instance is in running state","logger":"task.stdout"}
{"timestamp":"2026-01-03T23:02:18.989165Z","level":"info","event":" Previous state of the Task instance: TaskInstanceState.QUEUED","logger":"task.stdout"}
{"timestamp":"2026-01-03T23:02:18.989965Z","level":"info","event":"Current task name:extract_weather_stream","logger":"task.stdout"}
{"timestamp":"2026-01-03T23:02:18.990729Z","level":"info","event":"Dag name:dag_stream_openmeteo_weather","logger":"task.stdout"}
{"timestamp":"2026-01-03T23:02:18.993248Z","level":"info","event":"[INFO] Period: 2025-12-27 to 2026-01-02","logger":"task.stdout"}
{"timestamp":"2026-01-03T23:02:18.994117Z","level":"info","event":"[INFO] Extracting weather: 2025-12-27 to 2026-01-02","logger":"task.stdout"}
{"timestamp":"2026-01-03T23:02:18.995185Z","level":"info","event":"[INFO] Locations: 5","logger":"task.stdout"}
{"timestamp":"2026-01-03T23:02:18.996213Z","level":"info","event":"[INFO] Fetching CA (California)","logger":"task.stdout"}
{"timestamp":"2026-01-03T23:02:18.996998Z","level":"info","event":"Fetching Open-Meteo data for lat=36.7783, lon=-119.4179","logger":"task.stdout"}
{"timestamp":"2026-01-03T23:02:19.286709Z","level":"info","event":"[INFO] Fetching TX (Texas)","logger":"task.stdout"}
{"timestamp":"2026-01-03T23:02:19.287510Z","level":"info","event":"Fetching Open-Meteo data for lat=31.9686, lon=-99.9018","logger":"task.stdout"}
{"timestamp":"2026-01-03T23:02:19.359443Z","level":"info","event":"[INFO] Fetching NY (New York)","logger":"task.stdout"}
{"timestamp":"2026-01-03T23:02:19.360308Z","level":"info","event":"Fetching Open-Meteo data for lat=42.1657, lon=-74.9481","logger":"task.stdout"}
{"timestamp":"2026-01-03T23:02:19.432936Z","level":"info","event":"[INFO] Fetching FL (Florida)","logger":"task.stdout"}
{"timestamp":"2026-01-03T23:02:19.433971Z","level":"info","event":"Fetching Open-Meteo data for lat=27.9944, lon=-81.7603","logger":"task.stdout"}
{"timestamp":"2026-01-03T23:02:19.506337Z","level":"info","event":"[INFO] Fetching AZ (Arizona)","logger":"task.stdout"}
{"timestamp":"2026-01-03T23:02:19.507341Z","level":"info","event":"Fetching Open-Meteo data for lat=34.0489, lon=-111.0937","logger":"task.stdout"}
{"timestamp":"2026-01-03T23:02:19.608820Z","level":"info","event":"[INFO] Updated /opt/airflow/data/raw/openmeteo/weather_stream_latest.json with 5 locations","logger":"task.stdout"}
{"timestamp":"2026-01-03T23:02:19.610922Z","level":"info","event":"Done. Returned value was: /opt/airflow/data/raw/openmeteo/weather_stream_latest.json","logger":"airflow.task.operators.airflow.providers.standard.operators.python.PythonOperator","filename":"python.py","lineno":217}
{"timestamp":"2026-01-03T23:02:19.611460Z","level":"info","event":"Pushing xcom","ti":"RuntimeTaskInstance(id=UUID('019b8618-e1f7-770e-bc38-84d35d5d111a'), task_id='extract_weather_stream', dag_id='dag_stream_openmeteo_weather', run_id='manual__2026-01-03T23:02:16+00:00', try_number=1, dag_version_id=UUID('019b8618-9f04-714e-8be6-d85a89000ee9'), map_index=-1, hostname='9e3b9db8b326', context_carrier={}, task=<Task(PythonOperator): extract_weather_stream>, bundle_instance=LocalDagBundle(name=dags-folder), max_tries=2, start_date=datetime.datetime(2026, 1, 3, 23, 2, 16, 855088, tzinfo=datetime.timezone.utc), end_date=None, state=<TaskInstanceState.RUNNING: 'running'>, is_mapped=False, rendered_map_index=None)","logger":"task","filename":"task_runner.py","lineno":1370}
{"timestamp":"2026-01-03T23:02:19.661424Z","level":"info","event":"Task instance in success state","logger":"task.stdout"}
{"timestamp":"2026-01-03T23:02:19.662381Z","level":"info","event":" Previous state of the Task instance: TaskInstanceState.RUNNING","logger":"task.stdout"}
{"timestamp":"2026-01-03T23:02:19.663069Z","level":"info","event":"Task operator:<Task(PythonOperator): extract_weather_stream>","logger":"task.stdout"}
