{"timestamp":"2026-01-03T22:54:43.597601Z","level":"warning","event":"The `airflow.hooks.base.BaseHook` attribute is deprecated. Please use `'airflow.sdk.bases.hook.BaseHook'`.","category":"DeprecatedImportWarning","filename":"/opt/airflow/plugins/hooks/eia_hook.py","lineno":12,"logger":"py.warnings"}
{"timestamp":"2026-01-03T22:54:43.607736Z","level":"warning","event":"The `airflow.hooks.base.BaseHook` attribute is deprecated. Please use `'airflow.sdk.bases.hook.BaseHook'`.","category":"DeprecatedImportWarning","filename":"/opt/airflow/plugins/hooks/epa_hook.py","lineno":12,"logger":"py.warnings"}
{"timestamp":"2026-01-03T22:54:43.617503Z","level":"warning","event":"The `airflow.hooks.base.BaseHook` attribute is deprecated. Please use `'airflow.sdk.bases.hook.BaseHook'`.","category":"DeprecatedImportWarning","filename":"/opt/airflow/plugins/hooks/nrel_hook.py","lineno":11,"logger":"py.warnings"}
{"timestamp":"2026-01-03T22:54:45.287743Z","level":"info","event":"DAG bundles loaded: dags-folder, example_dags","logger":"airflow.dag_processing.bundles.manager.DagBundlesManager","filename":"manager.py","lineno":179}
{"timestamp":"2026-01-03T22:54:45.291139Z","level":"info","event":"Filling up the DagBag from /opt/airflow/dags/dag_stream_openmeteo_weather.py","logger":"airflow.models.dagbag.DagBag","filename":"dagbag.py","lineno":593}
{"timestamp":"2026-01-03T22:54:45.388132Z","level":"warning","event":"The `airflow.operators.python.PythonOperator` attribute is deprecated. Please use `'airflow.providers.standard.operators.python.PythonOperator'`.","category":"DeprecatedImportWarning","filename":"/opt/airflow/dags/dag_stream_openmeteo_weather.py","lineno":10,"logger":"py.warnings"}
{"timestamp":"2026-01-03T22:54:45.436556Z","level":"info","event":"Task instance is in running state","logger":"task.stdout"}
{"timestamp":"2026-01-03T22:54:45.437543Z","level":"info","event":" Previous state of the Task instance: TaskInstanceState.QUEUED","logger":"task.stdout"}
{"timestamp":"2026-01-03T22:54:45.438420Z","level":"info","event":"Current task name:extract_weather_stream","logger":"task.stdout"}
{"timestamp":"2026-01-03T22:54:45.439226Z","level":"info","event":"Dag name:dag_stream_openmeteo_weather","logger":"task.stdout"}
{"timestamp":"2026-01-03T22:54:45.442328Z","level":"info","event":"[INFO] Period: 2025-12-27 to 2026-01-02","logger":"task.stdout"}
{"timestamp":"2026-01-03T22:54:45.443280Z","level":"info","event":"[INFO] Extracting weather: 2025-12-27 to 2026-01-02","logger":"task.stdout"}
{"timestamp":"2026-01-03T22:54:45.444075Z","level":"info","event":"[INFO] Locations: 5","logger":"task.stdout"}
{"timestamp":"2026-01-03T22:54:45.444733Z","level":"info","event":"[INFO] Fetching CA (California)","logger":"task.stdout"}
{"timestamp":"2026-01-03T22:54:45.445283Z","level":"info","event":"Fetching Open-Meteo data for lat=36.7783, lon=-119.4179","logger":"task.stdout"}
{"timestamp":"2026-01-03T22:54:43.373803Z","level":"info","event":"[INFO] Fetching TX (Texas)","logger":"task.stdout"}
{"timestamp":"2026-01-03T22:54:43.377345Z","level":"info","event":"Fetching Open-Meteo data for lat=31.9686, lon=-99.9018","logger":"task.stdout"}
{"timestamp":"2026-01-03T22:54:43.451018Z","level":"info","event":"[INFO] Fetching NY (New York)","logger":"task.stdout"}
{"timestamp":"2026-01-03T22:54:43.452150Z","level":"info","event":"Fetching Open-Meteo data for lat=42.1657, lon=-74.9481","logger":"task.stdout"}
{"timestamp":"2026-01-03T22:54:43.524057Z","level":"info","event":"[INFO] Fetching FL (Florida)","logger":"task.stdout"}
{"timestamp":"2026-01-03T22:54:43.525092Z","level":"info","event":"Fetching Open-Meteo data for lat=27.9944, lon=-81.7603","logger":"task.stdout"}
{"timestamp":"2026-01-03T22:54:43.599560Z","level":"info","event":"[INFO] Fetching AZ (Arizona)","logger":"task.stdout"}
{"timestamp":"2026-01-03T22:54:43.600671Z","level":"info","event":"Fetching Open-Meteo data for lat=34.0489, lon=-111.0937","logger":"task.stdout"}
{"timestamp":"2026-01-03T22:54:43.719326Z","level":"info","event":"[INFO] Updated /opt/airflow/data/raw/openmeteo/weather_stream_latest.json with 5 locations","logger":"task.stdout"}
{"timestamp":"2026-01-03T22:54:43.724175Z","level":"info","event":"Done. Returned value was: /opt/airflow/data/raw/openmeteo/weather_stream_latest.json","logger":"airflow.task.operators.airflow.providers.standard.operators.python.PythonOperator","filename":"python.py","lineno":217}
{"timestamp":"2026-01-03T22:54:43.725751Z","level":"info","event":"Pushing xcom","ti":"RuntimeTaskInstance(id=UUID('019b8611-f782-7000-b6af-a41bcb7f7abf'), task_id='extract_weather_stream', dag_id='dag_stream_openmeteo_weather', run_id='scheduled__2026-01-03T21:00:00+00:00', try_number=1, dag_version_id=UUID('019b8611-f707-7806-a2bc-9c90c41f4c10'), map_index=-1, hostname='9e3b9db8b326', context_carrier={}, task=<Task(PythonOperator): extract_weather_stream>, bundle_instance=LocalDagBundle(name=dags-folder), max_tries=2, start_date=datetime.datetime(2026, 1, 3, 22, 54, 43, 317343, tzinfo=datetime.timezone.utc), end_date=None, state=<TaskInstanceState.RUNNING: 'running'>, is_mapped=False, rendered_map_index=None)","logger":"task","filename":"task_runner.py","lineno":1370}
{"timestamp":"2026-01-03T22:54:43.855756Z","level":"info","event":"Task instance in success state","logger":"task.stdout"}
{"timestamp":"2026-01-03T22:54:43.857265Z","level":"info","event":" Previous state of the Task instance: TaskInstanceState.RUNNING","logger":"task.stdout"}
{"timestamp":"2026-01-03T22:54:43.859127Z","level":"info","event":"Task operator:<Task(PythonOperator): extract_weather_stream>","logger":"task.stdout"}
