{"timestamp":"2026-01-03T22:01:19.174924Z","level":"warning","event":"The `airflow.hooks.base.BaseHook` attribute is deprecated. Please use `'airflow.sdk.bases.hook.BaseHook'`.","category":"DeprecatedImportWarning","filename":"/opt/airflow/plugins/hooks/eia_hook.py","lineno":12,"logger":"py.warnings"}
{"timestamp":"2026-01-03T22:01:19.181901Z","level":"warning","event":"The `airflow.hooks.base.BaseHook` attribute is deprecated. Please use `'airflow.sdk.bases.hook.BaseHook'`.","category":"DeprecatedImportWarning","filename":"/opt/airflow/plugins/hooks/epa_hook.py","lineno":12,"logger":"py.warnings"}
{"timestamp":"2026-01-03T22:01:19.189596Z","level":"warning","event":"The `airflow.hooks.base.BaseHook` attribute is deprecated. Please use `'airflow.sdk.bases.hook.BaseHook'`.","category":"DeprecatedImportWarning","filename":"/opt/airflow/plugins/hooks/nrel_hook.py","lineno":11,"logger":"py.warnings"}
{"timestamp":"2026-01-03T22:01:19.604052Z","level":"info","event":"DAG bundles loaded: dags-folder, example_dags","logger":"airflow.dag_processing.bundles.manager.DagBundlesManager","filename":"manager.py","lineno":179}
{"timestamp":"2026-01-03T22:01:19.605552Z","level":"info","event":"Filling up the DagBag from /opt/airflow/dags/dag_stream_eia_generation.py","logger":"airflow.models.dagbag.DagBag","filename":"dagbag.py","lineno":593}
{"timestamp":"2026-01-03T22:01:19.639611Z","level":"warning","event":"The `airflow.operators.python.PythonOperator` attribute is deprecated. Please use `'airflow.providers.standard.operators.python.PythonOperator'`.","category":"DeprecatedImportWarning","filename":"/opt/airflow/dags/dag_stream_eia_generation.py","lineno":10,"logger":"py.warnings"}
{"timestamp":"2026-01-03T22:01:19.639798Z","level":"warning","event":"The `airflow.sensors.python.PythonSensor` attribute is deprecated. Please use `'airflow.providers.standard.sensors.python.PythonSensor'`.","category":"DeprecatedImportWarning","filename":"/opt/airflow/dags/dag_stream_eia_generation.py","lineno":12,"logger":"py.warnings"}
{"timestamp":"2026-01-03T22:01:19.639887Z","level":"warning","event":"The `airflow.hooks.base.BaseHook` attribute is deprecated. Please use `'airflow.sdk.bases.hook.BaseHook'`.","category":"DeprecatedImportWarning","filename":"/opt/airflow/plugins/hooks/eia_hook.py","lineno":12,"logger":"py.warnings"}
{"timestamp":"2026-01-03T22:01:19.661082Z","level":"info","event":"Task instance is in running state","logger":"task.stdout"}
{"timestamp":"2026-01-03T22:01:19.661617Z","level":"info","event":" Previous state of the Task instance: TaskInstanceState.QUEUED","logger":"task.stdout"}
{"timestamp":"2026-01-03T22:01:19.662061Z","level":"info","event":"Current task name:extract_recent_generation","logger":"task.stdout"}
{"timestamp":"2026-01-03T22:01:19.662529Z","level":"info","event":"Dag name:dag_stream_eia_generation","logger":"task.stdout"}
{"timestamp":"2026-01-03T22:01:19.664542Z","level":"info","event":"[INFO] Incremental period: 2026-01-02T22 to 2026-01-03T21","logger":"task.stdout"}
{"timestamp":"2026-01-03T22:01:19.664952Z","level":"info","event":"[INFO] Extracting generation data: 2026-01-02T22 to 2026-01-03T21","logger":"task.stdout"}
{"timestamp":"2026-01-03T22:01:25.053604Z","level":"info","event":"[WARNING] No records returned for period","logger":"task.stdout"}
{"timestamp":"2026-01-03T22:01:25.053608Z","level":"info","event":"Done. Returned value was: ","logger":"airflow.task.operators.airflow.providers.standard.operators.python.PythonOperator","filename":"python.py","lineno":217}
{"timestamp":"2026-01-03T22:01:25.054031Z","level":"info","event":"Pushing xcom","ti":"RuntimeTaskInstance(id=UUID('019b85e1-0bcd-758c-84bb-6d091f05041b'), task_id='extract_recent_generation', dag_id='dag_stream_eia_generation', run_id='scheduled__2026-01-03T22:00:00+00:00', try_number=1, dag_version_id=UUID('019b85df-b2d3-724f-8fb9-d6a390c5c92f'), map_index=-1, hostname='9e3b9db8b326', context_carrier={}, task=<Task(PythonOperator): extract_recent_generation>, bundle_instance=LocalDagBundle(name=dags-folder), max_tries=2, start_date=datetime.datetime(2026, 1, 3, 22, 1, 19, 92136, tzinfo=datetime.timezone.utc), end_date=None, state=<TaskInstanceState.RUNNING: 'running'>, is_mapped=False, rendered_map_index=None)","logger":"task","filename":"task_runner.py","lineno":1370}
{"timestamp":"2026-01-03T22:01:25.114736Z","level":"info","event":"Task instance in success state","logger":"task.stdout"}
{"timestamp":"2026-01-03T22:01:25.115276Z","level":"info","event":" Previous state of the Task instance: TaskInstanceState.RUNNING","logger":"task.stdout"}
{"timestamp":"2026-01-03T22:01:25.115648Z","level":"info","event":"Task operator:<Task(PythonOperator): extract_recent_generation>","logger":"task.stdout"}
