{"timestamp":"2025-12-26T22:01:30.890023Z","level":"info","event":"DAG bundles loaded: dags-folder, example_dags","logger":"airflow.dag_processing.bundles.manager.DagBundlesManager","filename":"manager.py","lineno":179}
{"timestamp":"2025-12-26T22:01:30.891851Z","level":"info","event":"Filling up the DagBag from /opt/airflow/dags/dag_batch_eia.py","logger":"airflow.models.dagbag.DagBag","filename":"dagbag.py","lineno":593}
{"timestamp":"2025-12-26T22:01:30.921917Z","level":"warning","event":"The `airflow.operators.python.PythonOperator` attribute is deprecated. Please use `'airflow.providers.standard.operators.python.PythonOperator'`.","category":"DeprecatedImportWarning","filename":"/opt/airflow/dags/dag_batch_eia.py","lineno":2,"logger":"py.warnings"}
{"timestamp":"2025-12-26T22:01:30.980809Z","level":"info","event":"Task instance is in running state","logger":"task.stdout"}
{"timestamp":"2025-12-26T22:01:30.981319Z","level":"info","event":" Previous state of the Task instance: TaskInstanceState.QUEUED","logger":"task.stdout"}
{"timestamp":"2025-12-26T22:01:30.981907Z","level":"info","event":"Current task name:extract","logger":"task.stdout"}
{"timestamp":"2025-12-26T22:01:30.982316Z","level":"info","event":"Dag name:dag_batch_eia_energy","logger":"task.stdout"}
{"timestamp":"2025-12-26T22:01:30.985901Z","level":"info","event":"✅ Extraído 3 registros da EIA","logger":"unusual_prefix_da06a51da458bbafebfdd1348b1015b1b3f34c96_dag_batch_eia","filename":"dag_batch_eia.py","lineno":37}
{"timestamp":"2025-12-26T22:01:31.014980Z","level":"info","event":"Done. Returned value was: {'status': 'success', 'count': 3}","logger":"airflow.task.operators.airflow.providers.standard.operators.python.PythonOperator","filename":"python.py","lineno":217}
{"timestamp":"2025-12-26T22:01:31.015504Z","level":"info","event":"Pushing xcom","ti":"RuntimeTaskInstance(id=UUID('019b5cae-47b4-7992-8d62-cbe19ce33432'), task_id='extract', dag_id='dag_batch_eia_energy', run_id='scheduled__2025-12-26T02:00:00+00:00', try_number=1, dag_version_id=UUID('019b5ca5-2a41-7679-8088-d2d8f1ba0606'), map_index=-1, hostname='27b8283a6eee', context_carrier={}, task=<Task(PythonOperator): extract>, bundle_instance=LocalDagBundle(name=dags-folder), max_tries=2, start_date=datetime.datetime(2025, 12, 26, 22, 1, 25, 392225, tzinfo=datetime.timezone.utc), end_date=None, state=<TaskInstanceState.RUNNING: 'running'>, is_mapped=False, rendered_map_index=None)","logger":"task","filename":"task_runner.py","lineno":1370}
{"timestamp":"2025-12-26T22:01:31.079896Z","level":"info","event":"Task instance in success state","logger":"task.stdout"}
{"timestamp":"2025-12-26T22:01:31.080550Z","level":"info","event":" Previous state of the Task instance: TaskInstanceState.RUNNING","logger":"task.stdout"}
{"timestamp":"2025-12-26T22:01:31.081035Z","level":"info","event":"Task operator:<Task(PythonOperator): extract>","logger":"task.stdout"}
{"timestamp":"2025-12-26T22:09:38.539142Z","level":"info","event":"DAG bundles loaded: dags-folder, example_dags","logger":"airflow.dag_processing.bundles.manager.DagBundlesManager","filename":"manager.py","lineno":179}
{"timestamp":"2025-12-26T22:09:38.541935Z","level":"info","event":"Filling up the DagBag from /opt/airflow/dags/dag_batch_eia.py","logger":"airflow.models.dagbag.DagBag","filename":"dagbag.py","lineno":593}
{"timestamp":"2025-12-26T22:09:38.581932Z","level":"warning","event":"The `airflow.operators.python.PythonOperator` attribute is deprecated. Please use `'airflow.providers.standard.operators.python.PythonOperator'`.","category":"DeprecatedImportWarning","filename":"/opt/airflow/dags/dag_batch_eia.py","lineno":2,"logger":"py.warnings"}
{"timestamp":"2025-12-26T22:09:38.654670Z","level":"info","event":"Task instance is in running state","logger":"task.stdout"}
{"timestamp":"2025-12-26T22:09:38.655693Z","level":"info","event":" Previous state of the Task instance: TaskInstanceState.QUEUED","logger":"task.stdout"}
{"timestamp":"2025-12-26T22:09:38.658663Z","level":"info","event":"Current task name:extract","logger":"task.stdout"}
{"timestamp":"2025-12-26T22:09:38.659754Z","level":"info","event":"Dag name:dag_batch_eia_energy","logger":"task.stdout"}
{"timestamp":"2025-12-26T22:09:38.666097Z","level":"info","event":"✅ Extraído 3 registros da EIA","logger":"unusual_prefix_da06a51da458bbafebfdd1348b1015b1b3f34c96_dag_batch_eia","filename":"dag_batch_eia.py","lineno":36}
{"timestamp":"2025-12-26T22:09:38.709375Z","level":"info","event":"Done. Returned value was: {'status': 'success', 'count': 3}","logger":"airflow.task.operators.airflow.providers.standard.operators.python.PythonOperator","filename":"python.py","lineno":217}
{"timestamp":"2025-12-26T22:09:38.710045Z","level":"info","event":"Pushing xcom","ti":"RuntimeTaskInstance(id=UUID('019b5cb5-cbf6-7d36-9e97-d7572dd5bf5d'), task_id='extract', dag_id='dag_batch_eia_energy', run_id='scheduled__2025-12-26T02:00:00+00:00', try_number=1, dag_version_id=UUID('019b5caf-05e8-7f32-b30f-97722ca316ac'), map_index=-1, hostname='27b8283a6eee', context_carrier={}, task=<Task(PythonOperator): extract>, bundle_instance=LocalDagBundle(name=dags-folder), max_tries=2, start_date=datetime.datetime(2025, 12, 26, 22, 9, 37, 196770, tzinfo=datetime.timezone.utc), end_date=None, state=<TaskInstanceState.RUNNING: 'running'>, is_mapped=False, rendered_map_index=None)","logger":"task","filename":"task_runner.py","lineno":1370}
{"timestamp":"2025-12-26T22:09:38.855635Z","level":"info","event":"Task instance in success state","logger":"task.stdout"}
{"timestamp":"2025-12-26T22:09:38.856667Z","level":"info","event":" Previous state of the Task instance: TaskInstanceState.RUNNING","logger":"task.stdout"}
{"timestamp":"2025-12-26T22:09:38.857667Z","level":"info","event":"Task operator:<Task(PythonOperator): extract>","logger":"task.stdout"}
