{"timestamp":"2026-01-03T22:39:51.634800Z","level":"warning","event":"The `airflow.hooks.base.BaseHook` attribute is deprecated. Please use `'airflow.sdk.bases.hook.BaseHook'`.","category":"DeprecatedImportWarning","filename":"/opt/airflow/plugins/hooks/eia_hook.py","lineno":12,"logger":"py.warnings"}
{"timestamp":"2026-01-03T22:39:51.652329Z","level":"warning","event":"The `airflow.hooks.base.BaseHook` attribute is deprecated. Please use `'airflow.sdk.bases.hook.BaseHook'`.","category":"DeprecatedImportWarning","filename":"/opt/airflow/plugins/hooks/epa_hook.py","lineno":12,"logger":"py.warnings"}
{"timestamp":"2026-01-03T22:39:51.702026Z","level":"warning","event":"The `airflow.hooks.base.BaseHook` attribute is deprecated. Please use `'airflow.sdk.bases.hook.BaseHook'`.","category":"DeprecatedImportWarning","filename":"/opt/airflow/plugins/hooks/nrel_hook.py","lineno":11,"logger":"py.warnings"}
{"timestamp":"2026-01-03T22:39:52.399369Z","level":"info","event":"DAG bundles loaded: dags-folder, example_dags","logger":"airflow.dag_processing.bundles.manager.DagBundlesManager","filename":"manager.py","lineno":179}
{"timestamp":"2026-01-03T22:39:52.401355Z","level":"info","event":"Filling up the DagBag from /opt/airflow/dags/dag_solar_capacity_factor.py","logger":"airflow.models.dagbag.DagBag","filename":"dagbag.py","lineno":593}
{"timestamp":"2026-01-03T22:39:52.548735Z","level":"warning","event":"The `airflow.operators.python.PythonOperator` attribute is deprecated. Please use `'airflow.providers.standard.operators.python.PythonOperator'`.","category":"DeprecatedImportWarning","filename":"/opt/airflow/dags/dag_solar_capacity_factor.py","lineno":19,"logger":"py.warnings"}
{"timestamp":"2026-01-03T22:39:52.548987Z","level":"warning","event":"The `airflow.hooks.base.BaseHook` attribute is deprecated. Please use `'airflow.sdk.bases.hook.BaseHook'`.","category":"DeprecatedImportWarning","filename":"/opt/airflow/plugins/hooks/eia_hook.py","lineno":12,"logger":"py.warnings"}
{"timestamp":"2026-01-03T22:39:52.549097Z","level":"warning","event":"The `airflow.hooks.base.BaseHook` attribute is deprecated. Please use `'airflow.sdk.bases.hook.BaseHook'`.","category":"DeprecatedImportWarning","filename":"/opt/airflow/plugins/hooks/nrel_hook.py","lineno":11,"logger":"py.warnings"}
{"timestamp":"2026-01-03T22:39:52.577645Z","level":"info","event":"Task instance is in running state","logger":"task.stdout"}
{"timestamp":"2026-01-03T22:39:52.578219Z","level":"info","event":" Previous state of the Task instance: TaskInstanceState.QUEUED","logger":"task.stdout"}
{"timestamp":"2026-01-03T22:39:52.578781Z","level":"info","event":"Current task name:extract_nrel","logger":"task.stdout"}
{"timestamp":"2026-01-03T22:39:52.579185Z","level":"info","event":"Dag name:dag_solar_capacity_factor","logger":"task.stdout"}
{"timestamp":"2026-01-03T22:39:52.639397Z","level":"warning","event":"The `airflow.hooks.base.BaseHook` attribute is deprecated. Please use `'airflow.sdk.bases.hook.BaseHook'`.","category":"DeprecatedImportWarning","filename":"/opt/airflow/plugins/hooks/epa_hook.py","lineno":12,"logger":"py.warnings"}
{"timestamp":"2026-01-03T22:39:53.537473Z","level":"info","event":"Latest EPA year available: 2023","logger":"airflow.task.hooks.hooks.epa_hook.EPAHook","filename":"epa_hook.py","lineno":76}
{"timestamp":"2026-01-03T22:39:53.537885Z","level":"info","event":"✅ Dynamically discovered EPA year: 2023","logger":"utils.date_helpers","filename":"date_helpers.py","lineno":24}
{"timestamp":"2026-01-03T22:39:53.538114Z","level":"info","event":"📅 Safe data period: 2023-01 to 2023-12","logger":"utils.date_helpers","filename":"date_helpers.py","lineno":76}
{"timestamp":"2026-01-03T22:40:36.537008Z","level":"info","event":"Done. Returned value was: /opt/airflow/data/raw/nrel/nrel_solar_resource_2023-01_2023-12.json","logger":"airflow.task.operators.airflow.providers.standard.operators.python.PythonOperator","filename":"python.py","lineno":217}
{"timestamp":"2026-01-03T22:40:36.538156Z","level":"info","event":"Pushing xcom","ti":"RuntimeTaskInstance(id=UUID('019b8603-32f0-7aba-9844-8c5c086d86ea'), task_id='extract_nrel', dag_id='dag_solar_capacity_factor', run_id='manual__2026-01-03T22:38:33+00:00', try_number=1, dag_version_id=UUID('019b85bd-3b84-71b8-93c7-d70fa54ecb34'), map_index=-1, hostname='9e3b9db8b326', context_carrier={}, task=<Task(PythonOperator): extract_nrel>, bundle_instance=LocalDagBundle(name=dags-folder), max_tries=1, start_date=datetime.datetime(2026, 1, 3, 22, 39, 51, 493504, tzinfo=datetime.timezone.utc), end_date=None, state=<TaskInstanceState.RUNNING: 'running'>, is_mapped=False, rendered_map_index=None)","logger":"task","filename":"task_runner.py","lineno":1370}
{"timestamp":"2026-01-03T22:40:36.607862Z","level":"info","event":"Task instance in success state","logger":"task.stdout"}
{"timestamp":"2026-01-03T22:40:36.608931Z","level":"info","event":" Previous state of the Task instance: TaskInstanceState.RUNNING","logger":"task.stdout"}
{"timestamp":"2026-01-03T22:40:36.609823Z","level":"info","event":"Task operator:<Task(PythonOperator): extract_nrel>","logger":"task.stdout"}
